<?xml version="1.0" encoding="UTF-8"?>
<!-- Generated by org.testng.reporters.JUnitXMLReporter -->
<testsuite hostname="m-PC" name="Default test" tests="4" failures="0" timestamp="31 Dec 2019 07:09:47 GMT" time="0.11" errors="0">
  <testcase name="div" time="0.03" classname="com.qa.test.DemoTest"/>
  <testcase name="multi" time="0.003" classname="com.qa.test.DemoTest"/>
  <testcase name="sub" time="0.012" classname="com.qa.test.DemoTest"/>
  <testcase name="sum" time="0.004" classname="com.qa.test.DemoTest"/>
</testsuite> <!-- Default test -->
